{"@timestamp":"2020-08-18T15:26:55.873+09:00","@version":1,"message":"Starting ElkApplication on DESKTOP-IO8AMCC with PID 12184 (C:\\Users\\blucean\\IdeaProjects\\springboot-elk\\build\\classes\\java\\main started by blucean in C:\\Users\\blucean\\IdeaProjects\\springboot-elk)","logger_name":"com.vm.elk.ElkApplication","thread_name":"main","level":"INFO","level_value":20000}
{"@timestamp":"2020-08-18T15:26:55.920+09:00","@version":1,"message":"No active profile set, falling back to default profiles: default","logger_name":"com.vm.elk.ElkApplication","thread_name":"main","level":"INFO","level_value":20000}
{"@timestamp":"2020-08-18T15:26:56.492+09:00","@version":1,"message":"Bootstrapping Spring Data JDBC repositories in DEFAULT mode.","logger_name":"org.springframework.data.repository.config.RepositoryConfigurationDelegate","thread_name":"main","level":"INFO","level_value":20000}
{"@timestamp":"2020-08-18T15:26:56.515+09:00","@version":1,"message":"Finished Spring Data repository scanning in 17ms. Found 0 JDBC repository interfaces.","logger_name":"org.springframework.data.repository.config.RepositoryConfigurationDelegate","thread_name":"main","level":"INFO","level_value":20000}
{"@timestamp":"2020-08-18T15:26:56.756+09:00","@version":1,"message":"Bean 'org.springframework.transaction.annotation.ProxyTransactionManagementConfiguration' of type [org.springframework.transaction.annotation.ProxyTransactionManagementConfiguration] is not eligible for getting processed by all BeanPostProcessors (for example: not eligible for auto-proxying)","logger_name":"org.springframework.context.support.PostProcessorRegistrationDelegate$BeanPostProcessorChecker","thread_name":"main","level":"INFO","level_value":20000}
{"@timestamp":"2020-08-18T15:26:56.980+09:00","@version":1,"message":"Tomcat initialized with port(s): 8080 (http)","logger_name":"org.springframework.boot.web.embedded.tomcat.TomcatWebServer","thread_name":"main","level":"INFO","level_value":20000}
{"@timestamp":"2020-08-18T15:26:56.988+09:00","@version":1,"message":"Starting service [Tomcat]","logger_name":"org.apache.catalina.core.StandardService","thread_name":"main","level":"INFO","level_value":20000}
{"@timestamp":"2020-08-18T15:26:56.989+09:00","@version":1,"message":"Starting Servlet engine: [Apache Tomcat/9.0.30]","logger_name":"org.apache.catalina.core.StandardEngine","thread_name":"main","level":"INFO","level_value":20000}
{"@timestamp":"2020-08-18T15:26:57.283+09:00","@version":1,"message":"At least one JAR was scanned for TLDs yet contained no TLDs. Enable debug logging for this logger for a complete list of JARs that were scanned but no TLDs were found in them. Skipping unneeded JARs during scanning can improve startup time and JSP compilation time.","logger_name":"org.apache.jasper.servlet.TldScanner","thread_name":"main","level":"INFO","level_value":20000}
{"@timestamp":"2020-08-18T15:26:57.288+09:00","@version":1,"message":"Initializing Spring embedded WebApplicationContext","logger_name":"org.apache.catalina.core.ContainerBase.[Tomcat].[localhost].[/]","thread_name":"main","level":"INFO","level_value":20000}
{"@timestamp":"2020-08-18T15:26:57.288+09:00","@version":1,"message":"Root WebApplicationContext: initialization completed in 1330 ms","logger_name":"org.springframework.web.context.ContextLoader","thread_name":"main","level":"INFO","level_value":20000}
{"@timestamp":"2020-08-18T15:26:57.679+09:00","@version":1,"message":"Initializing ExecutorService 'applicationTaskExecutor'","logger_name":"org.springframework.scheduling.concurrent.ThreadPoolTaskExecutor","thread_name":"main","level":"INFO","level_value":20000}
{"@timestamp":"2020-08-18T15:26:57.919+09:00","@version":1,"message":"Tomcat started on port(s): 8080 (http) with context path ''","logger_name":"org.springframework.boot.web.embedded.tomcat.TomcatWebServer","thread_name":"main","level":"INFO","level_value":20000}
{"@timestamp":"2020-08-18T15:26:57.921+09:00","@version":1,"message":"Started ElkApplication in 2.487 seconds (JVM running for 3.911)","logger_name":"com.vm.elk.ElkApplication","thread_name":"main","level":"INFO","level_value":20000}
{"@timestamp":"2020-08-18T15:26:57.923+09:00","@version":1,"message":"====Sping boot started======","logger_name":"com.vm.elk.ElkApplication","thread_name":"main","level":"INFO","level_value":20000}
{"@timestamp":"2020-08-18T15:27:07.353+09:00","@version":1,"message":"Initializing Spring DispatcherServlet 'dispatcherServlet'","logger_name":"org.apache.catalina.core.ContainerBase.[Tomcat].[localhost].[/]","thread_name":"http-nio-8080-exec-1","level":"INFO","level_value":20000}
{"@timestamp":"2020-08-18T15:27:07.353+09:00","@version":1,"message":"Initializing Servlet 'dispatcherServlet'","logger_name":"org.springframework.web.servlet.DispatcherServlet","thread_name":"http-nio-8080-exec-1","level":"INFO","level_value":20000}
{"@timestamp":"2020-08-18T15:27:07.358+09:00","@version":1,"message":"Completed initialization in 5 ms","logger_name":"org.springframework.web.servlet.DispatcherServlet","thread_name":"http-nio-8080-exec-1","level":"INFO","level_value":20000}
{"@timestamp":"2020-08-18T15:27:09.321+09:00","@version":1,"message":"[button message]: btn1 clicked => 1","logger_name":"com.vm.elk.controller.MainController","thread_name":"http-nio-8080-exec-7","level":"INFO","level_value":20000}
{"@timestamp":"2020-08-18T15:27:11.891+09:00","@version":1,"message":"[button message]: btn2 clicked => 2","logger_name":"com.vm.elk.controller.MainController","thread_name":"http-nio-8080-exec-8","level":"INFO","level_value":20000}
{"@timestamp":"2020-08-18T15:27:12.647+09:00","@version":1,"message":"[button message]: btn2 clicked => 2","logger_name":"com.vm.elk.controller.MainController","thread_name":"http-nio-8080-exec-6","level":"INFO","level_value":20000}
{"@timestamp":"2020-08-18T15:27:13.656+09:00","@version":1,"message":"[button message]: btn2 clicked => 2","logger_name":"com.vm.elk.controller.MainController","thread_name":"http-nio-8080-exec-9","level":"INFO","level_value":20000}
{"@timestamp":"2020-08-18T15:27:14.325+09:00","@version":1,"message":"[button message]: btn2 clicked => 2","logger_name":"com.vm.elk.controller.MainController","thread_name":"http-nio-8080-exec-10","level":"INFO","level_value":20000}
{"@timestamp":"2020-08-18T15:27:15.357+09:00","@version":1,"message":"[button message]: btn1 clicked => 1","logger_name":"com.vm.elk.controller.MainController","thread_name":"http-nio-8080-exec-1","level":"INFO","level_value":20000}
{"@timestamp":"2020-08-18T15:27:15.965+09:00","@version":1,"message":"[button message]: btn1 clicked => 1","logger_name":"com.vm.elk.controller.MainController","thread_name":"http-nio-8080-exec-2","level":"INFO","level_value":20000}
{"@timestamp":"2020-08-18T15:27:16.591+09:00","@version":1,"message":"[button message]: btn1 clicked => 1","logger_name":"com.vm.elk.controller.MainController","thread_name":"http-nio-8080-exec-5","level":"INFO","level_value":20000}
{"@timestamp":"2020-08-18T15:27:39.861+09:00","@version":1,"message":"[button message]: btn3 clicked => 3","logger_name":"com.vm.elk.controller.MainController","thread_name":"http-nio-8080-exec-3","level":"INFO","level_value":20000}
{"@timestamp":"2020-08-18T15:27:40.995+09:00","@version":1,"message":"[button message]: btn3 clicked => 3","logger_name":"com.vm.elk.controller.MainController","thread_name":"http-nio-8080-exec-4","level":"INFO","level_value":20000}
{"@timestamp":"2020-08-18T15:27:41.441+09:00","@version":1,"message":"[button message]: btn3 clicked => 3","logger_name":"com.vm.elk.controller.MainController","thread_name":"http-nio-8080-exec-7","level":"INFO","level_value":20000}
{"@timestamp":"2020-08-18T15:27:41.955+09:00","@version":1,"message":"[button message]: btn3 clicked => 3","logger_name":"com.vm.elk.controller.MainController","thread_name":"http-nio-8080-exec-8","level":"INFO","level_value":20000}
{"@timestamp":"2020-08-18T15:27:42.439+09:00","@version":1,"message":"[button message]: btn3 clicked => 3","logger_name":"com.vm.elk.controller.MainController","thread_name":"http-nio-8080-exec-6","level":"INFO","level_value":20000}
{"@timestamp":"2020-08-18T15:27:42.854+09:00","@version":1,"message":"[button message]: btn3 clicked => 3","logger_name":"com.vm.elk.controller.MainController","thread_name":"http-nio-8080-exec-9","level":"INFO","level_value":20000}
{"@timestamp":"2020-08-18T15:27:43.290+09:00","@version":1,"message":"[button message]: btn3 clicked => 3","logger_name":"com.vm.elk.controller.MainController","thread_name":"http-nio-8080-exec-10","level":"INFO","level_value":20000}
{"@timestamp":"2020-08-18T15:27:43.729+09:00","@version":1,"message":"[button message]: btn3 clicked => 3","logger_name":"com.vm.elk.controller.MainController","thread_name":"http-nio-8080-exec-1","level":"INFO","level_value":20000}
{"@timestamp":"2020-08-18T15:27:44.127+09:00","@version":1,"message":"[button message]: btn3 clicked => 3","logger_name":"com.vm.elk.controller.MainController","thread_name":"http-nio-8080-exec-2","level":"INFO","level_value":20000}
{"@timestamp":"2020-08-18T15:27:44.578+09:00","@version":1,"message":"[button message]: btn3 clicked => 3","logger_name":"com.vm.elk.controller.MainController","thread_name":"http-nio-8080-exec-5","level":"INFO","level_value":20000}
{"@timestamp":"2020-08-18T15:27:44.990+09:00","@version":1,"message":"[button message]: btn3 clicked => 3","logger_name":"com.vm.elk.controller.MainController","thread_name":"http-nio-8080-exec-3","level":"INFO","level_value":20000}
{"@timestamp":"2020-08-18T15:27:45.374+09:00","@version":1,"message":"[button message]: btn3 clicked => 3","logger_name":"com.vm.elk.controller.MainController","thread_name":"http-nio-8080-exec-4","level":"INFO","level_value":20000}
{"@timestamp":"2020-08-18T15:27:45.782+09:00","@version":1,"message":"[button message]: btn3 clicked => 3","logger_name":"com.vm.elk.controller.MainController","thread_name":"http-nio-8080-exec-7","level":"INFO","level_value":20000}
{"@timestamp":"2020-08-18T15:27:46.157+09:00","@version":1,"message":"[button message]: btn3 clicked => 3","logger_name":"com.vm.elk.controller.MainController","thread_name":"http-nio-8080-exec-8","level":"INFO","level_value":20000}
{"@timestamp":"2020-08-18T15:27:46.601+09:00","@version":1,"message":"[button message]: btn3 clicked => 3","logger_name":"com.vm.elk.controller.MainController","thread_name":"http-nio-8080-exec-6","level":"INFO","level_value":20000}
{"@timestamp":"2020-08-18T15:27:46.961+09:00","@version":1,"message":"[button message]: btn3 clicked => 3","logger_name":"com.vm.elk.controller.MainController","thread_name":"http-nio-8080-exec-9","level":"INFO","level_value":20000}
{"@timestamp":"2020-08-18T15:27:47.320+09:00","@version":1,"message":"[button message]: btn3 clicked => 3","logger_name":"com.vm.elk.controller.MainController","thread_name":"http-nio-8080-exec-10","level":"INFO","level_value":20000}
{"@timestamp":"2020-08-18T15:27:49.429+09:00","@version":1,"message":"[button message]: btn2 clicked => 2","logger_name":"com.vm.elk.controller.MainController","thread_name":"http-nio-8080-exec-1","level":"INFO","level_value":20000}
{"@timestamp":"2020-08-18T15:27:49.819+09:00","@version":1,"message":"[button message]: btn2 clicked => 2","logger_name":"com.vm.elk.controller.MainController","thread_name":"http-nio-8080-exec-2","level":"INFO","level_value":20000}
{"@timestamp":"2020-08-18T15:27:50.208+09:00","@version":1,"message":"[button message]: btn2 clicked => 2","logger_name":"com.vm.elk.controller.MainController","thread_name":"http-nio-8080-exec-5","level":"INFO","level_value":20000}
{"@timestamp":"2020-08-18T15:27:50.639+09:00","@version":1,"message":"[button message]: btn2 clicked => 2","logger_name":"com.vm.elk.controller.MainController","thread_name":"http-nio-8080-exec-3","level":"INFO","level_value":20000}
{"@timestamp":"2020-08-18T15:27:51.053+09:00","@version":1,"message":"[button message]: btn2 clicked => 2","logger_name":"com.vm.elk.controller.MainController","thread_name":"http-nio-8080-exec-4","level":"INFO","level_value":20000}
{"@timestamp":"2020-08-18T15:27:51.432+09:00","@version":1,"message":"[button message]: btn2 clicked => 2","logger_name":"com.vm.elk.controller.MainController","thread_name":"http-nio-8080-exec-7","level":"INFO","level_value":20000}
{"@timestamp":"2020-08-18T15:27:51.943+09:00","@version":1,"message":"[button message]: btn2 clicked => 2","logger_name":"com.vm.elk.controller.MainController","thread_name":"http-nio-8080-exec-8","level":"INFO","level_value":20000}
{"@timestamp":"2020-08-18T15:27:52.324+09:00","@version":1,"message":"[button message]: btn2 clicked => 2","logger_name":"com.vm.elk.controller.MainController","thread_name":"http-nio-8080-exec-6","level":"INFO","level_value":20000}
{"@timestamp":"2020-08-18T15:27:52.738+09:00","@version":1,"message":"[button message]: btn2 clicked => 2","logger_name":"com.vm.elk.controller.MainController","thread_name":"http-nio-8080-exec-9","level":"INFO","level_value":20000}
{"@timestamp":"2020-08-18T15:27:53.137+09:00","@version":1,"message":"[button message]: btn2 clicked => 2","logger_name":"com.vm.elk.controller.MainController","thread_name":"http-nio-8080-exec-10","level":"INFO","level_value":20000}
{"@timestamp":"2020-08-18T15:27:53.522+09:00","@version":1,"message":"[button message]: btn2 clicked => 2","logger_name":"com.vm.elk.controller.MainController","thread_name":"http-nio-8080-exec-1","level":"INFO","level_value":20000}
{"@timestamp":"2020-08-18T15:27:53.893+09:00","@version":1,"message":"[button message]: btn2 clicked => 2","logger_name":"com.vm.elk.controller.MainController","thread_name":"http-nio-8080-exec-2","level":"INFO","level_value":20000}
{"@timestamp":"2020-08-18T15:27:54.301+09:00","@version":1,"message":"[button message]: btn2 clicked => 2","logger_name":"com.vm.elk.controller.MainController","thread_name":"http-nio-8080-exec-5","level":"INFO","level_value":20000}
{"@timestamp":"2020-08-18T15:27:54.706+09:00","@version":1,"message":"[button message]: btn2 clicked => 2","logger_name":"com.vm.elk.controller.MainController","thread_name":"http-nio-8080-exec-3","level":"INFO","level_value":20000}
{"@timestamp":"2020-08-18T15:27:55.112+09:00","@version":1,"message":"[button message]: btn2 clicked => 2","logger_name":"com.vm.elk.controller.MainController","thread_name":"http-nio-8080-exec-4","level":"INFO","level_value":20000}
{"@timestamp":"2020-08-18T15:27:55.474+09:00","@version":1,"message":"[button message]: btn2 clicked => 2","logger_name":"com.vm.elk.controller.MainController","thread_name":"http-nio-8080-exec-7","level":"INFO","level_value":20000}
{"@timestamp":"2020-08-18T15:27:55.870+09:00","@version":1,"message":"[button message]: btn2 clicked => 2","logger_name":"com.vm.elk.controller.MainController","thread_name":"http-nio-8080-exec-8","level":"INFO","level_value":20000}
{"@timestamp":"2020-08-18T15:27:56.265+09:00","@version":1,"message":"[button message]: btn2 clicked => 2","logger_name":"com.vm.elk.controller.MainController","thread_name":"http-nio-8080-exec-6","level":"INFO","level_value":20000}
{"@timestamp":"2020-08-18T15:27:56.661+09:00","@version":1,"message":"[button message]: btn2 clicked => 2","logger_name":"com.vm.elk.controller.MainController","thread_name":"http-nio-8080-exec-9","level":"INFO","level_value":20000}
{"@timestamp":"2020-08-18T15:27:57.760+09:00","@version":1,"message":"[button message]: btn1 clicked => 1","logger_name":"com.vm.elk.controller.MainController","thread_name":"http-nio-8080-exec-10","level":"INFO","level_value":20000}
{"@timestamp":"2020-08-18T15:27:58.401+09:00","@version":1,"message":"[button message]: btn1 clicked => 1","logger_name":"com.vm.elk.controller.MainController","thread_name":"http-nio-8080-exec-1","level":"INFO","level_value":20000}
{"@timestamp":"2020-08-18T15:27:58.814+09:00","@version":1,"message":"[button message]: btn1 clicked => 1","logger_name":"com.vm.elk.controller.MainController","thread_name":"http-nio-8080-exec-2","level":"INFO","level_value":20000}
{"@timestamp":"2020-08-18T15:27:59.247+09:00","@version":1,"message":"[button message]: btn1 clicked => 1","logger_name":"com.vm.elk.controller.MainController","thread_name":"http-nio-8080-exec-5","level":"INFO","level_value":20000}
{"@timestamp":"2020-08-18T15:27:59.643+09:00","@version":1,"message":"[button message]: btn1 clicked => 1","logger_name":"com.vm.elk.controller.MainController","thread_name":"http-nio-8080-exec-3","level":"INFO","level_value":20000}
{"@timestamp":"2020-08-18T15:28:00.086+09:00","@version":1,"message":"[button message]: btn1 clicked => 1","logger_name":"com.vm.elk.controller.MainController","thread_name":"http-nio-8080-exec-4","level":"INFO","level_value":20000}
{"@timestamp":"2020-08-18T15:28:00.478+09:00","@version":1,"message":"[button message]: btn1 clicked => 1","logger_name":"com.vm.elk.controller.MainController","thread_name":"http-nio-8080-exec-7","level":"INFO","level_value":20000}
{"@timestamp":"2020-08-18T15:28:00.901+09:00","@version":1,"message":"[button message]: btn1 clicked => 1","logger_name":"com.vm.elk.controller.MainController","thread_name":"http-nio-8080-exec-8","level":"INFO","level_value":20000}
{"@timestamp":"2020-08-18T15:28:01.259+09:00","@version":1,"message":"[button message]: btn1 clicked => 1","logger_name":"com.vm.elk.controller.MainController","thread_name":"http-nio-8080-exec-6","level":"INFO","level_value":20000}
{"@timestamp":"2020-08-18T15:28:01.603+09:00","@version":1,"message":"[button message]: btn1 clicked => 1","logger_name":"com.vm.elk.controller.MainController","thread_name":"http-nio-8080-exec-9","level":"INFO","level_value":20000}
